manifest-merger-debug-report.txt
-- Merging decision tree log ---
manifest
ADDED from AndroidManifest.xml:2:1
	xmlns:android
		ADDED from AndroidManifest.xml:2:11
	package
		ADDED from AndroidManifest.xml:3:5
		INJECTED from AndroidManifest.xml:0:0
		INJECTED from AndroidManifest.xml:0:0
	android:versionName
		INJECTED from AndroidManifest.xml:0:0
		INJECTED from AndroidManifest.xml:0:0
	android:versionCode
		INJECTED from AndroidManifest.xml:0:0
		INJECTED from AndroidManifest.xml:0:0
uses-permission#android.permission.INTERNET
ADDED from AndroidManifest.xml:4:5
	android:name
		ADDED from AndroidManifest.xml:4:22
uses-permission#android.permission.ACCESS_NETWORK_STATE
ADDED from AndroidManifest.xml:5:5
	android:name
		ADDED from AndroidManifest.xml:5:22
application
ADDED from AndroidManifest.xml:6:5
	android:label
		ADDED from AndroidManifest.xml:9:9
	android:allowBackup
		ADDED from AndroidManifest.xml:7:9
	android:icon
		ADDED from AndroidManifest.xml:8:9
	android:theme
		ADDED from AndroidManifest.xml:10:9
activity#com.example.daria.lesson5.MyActivity
ADDED from AndroidManifest.xml:11:9
	android:windowSoftInputMode
		ADDED from AndroidManifest.xml:14:13
	android:label
		ADDED from AndroidManifest.xml:13:13
	android:name
		ADDED from AndroidManifest.xml:12:13
intent-filter#android.intent.action.MAIN+android.intent.category.LAUNCHER
ADDED from AndroidManifest.xml:15:13
action#android.intent.action.MAIN
ADDED from AndroidManifest.xml:16:17
	android:name
		ADDED from AndroidManifest.xml:16:25
category#android.intent.category.LAUNCHER
ADDED from AndroidManifest.xml:18:17
	android:name
		ADDED from AndroidManifest.xml:18:27
activity#com.example.daria.lesson5.BrowserActivity
ADDED from AndroidManifest.xml:21:9
	android:label
		ADDED from AndroidManifest.xml:21:19
	android:name
		ADDED from AndroidManifest.xml:21:45
intent-filter#android.intent.action.VIEW+android.intent.category.DEFAULT
ADDED from AndroidManifest.xml:22:13
action#android.intent.action.VIEW
ADDED from AndroidManifest.xml:23:17
	android:name
		ADDED from AndroidManifest.xml:23:25
data
ADDED from AndroidManifest.xml:24:17
	android:scheme
		ADDED from AndroidManifest.xml:24:23
category#android.intent.category.DEFAULT
ADDED from AndroidManifest.xml:25:17
	android:name
		ADDED from AndroidManifest.xml:25:27
uses-sdk
INJECTED from AndroidManifest.xml:0:0 reason: use-sdk injection requested
	android:targetSdkVersion
		INJECTED from AndroidManifest.xml:0:0
		INJECTED from AndroidManifest.xml:0:0
	android:minSdkVersion
		INJECTED from AndroidManifest.xml:0:0
		INJECTED from AndroidManifest.xml:0:0